<?xml version="1.0" encoding="UTF-8"?>
<!-- Generated by org.testng.reporters.JUnitReportReporter -->
<testsuite skipped="0" hostname="GC02TD4ELG8WNE" name="FSAID.FSAAID.FSATest" tests="1" failures="0" timestamp="30 Apr 2018 11:05:58 GMT" time="91.389" errors="0">
  <testcase name="testiOS" time="91.389" classname="FSAID.FSAAID.FSATest"/>
</testsuite> <!-- FSAID.FSAAID.FSATest -->
