<?xml version="1.0" encoding="UTF-8"?>
<!-- Generated by org.testng.reporters.JUnitReportReporter -->
<testsuite skipped="0" hostname="GC02TD4ELG8WNE" name="FSAID.FSAAID.FSATest" tests="1" failures="0" timestamp="30 Apr 2018 12:07:33 GMT" time="96.379" errors="0">
  <testcase name="testiOS" time="96.379" classname="FSAID.FSAAID.FSATest"/>
</testsuite> <!-- FSAID.FSAAID.FSATest -->
